<?xml version="1.0" encoding="UTF-8"?>
<testng-results skipped="0" failed="0" ignored="0" total="1" passed="1">
  <reporter-output>
  </reporter-output>
  <suite name="Default suite" duration-ms="9156" started-at="2019-02-27T10:06:13Z" finished-at="2019-02-27T10:06:22Z">
    <groups>
    </groups>
    <test name="Default test" duration-ms="9156" started-at="2019-02-27T10:06:13Z" finished-at="2019-02-27T10:06:22Z">
      <class name="testbase.testbase">
        <test-method status="PASS" signature="launchBrowser()[pri:0, instance:testbase.testbase@4501b7af]" name="launchBrowser" is-config="true" duration-ms="9109" started-at="2019-02-27T10:06:13Z" finished-at="2019-02-27T10:06:22Z">
          <reporter-output>
          </reporter-output>
        </test-method> <!-- launchBrowser -->
        <test-method status="PASS" signature="getTitle()[pri:0, instance:testbase.testbase@4501b7af]" name="getTitle" duration-ms="20" started-at="2019-02-27T10:06:22Z" finished-at="2019-02-27T10:06:22Z">
          <reporter-output>
          </reporter-output>
        </test-method> <!-- getTitle -->
      </class> <!-- testbase.testbase -->
    </test> <!-- Default test -->
  </suite> <!-- Default suite -->
</testng-results>
